<?xml version="1.0" encoding="UTF-8"?>
<coverage generated="1729204884814" clover="3.2.0">
  <project timestamp="1729204884814" name="All files">
    <metrics statements="72" coveredstatements="7" conditionals="202" coveredconditionals="5" methods="48" coveredmethods="5" elements="322" coveredelements="17" complexity="0" loc="72" ncloc="72" packages="1" files="1" classes="1"/>
    <file name="bigfoot.min.js" path="/Users/bhaswatidasgupta/Dev/CSE_210/unit-test-for-bigfoot/bigfoot/dist/bigfoot.min.js">
      <metrics statements="72" coveredstatements="7" conditionals="202" coveredconditionals="5" methods="48" coveredmethods="5"/>
      <line num="1" count="6" type="stmt"/>
      <line num="2" count="6" type="stmt"/>
      <line num="3" count="6" type="stmt"/>
      <line num="31" count="5" type="stmt"/>
      <line num="61" count="0" type="stmt"/>
      <line num="65" count="0" type="stmt"/>
      <line num="85" count="0" type="stmt"/>
      <line num="106" count="0" type="cond" truecount="0" falsecount="3"/>
      <line num="137" count="0" type="stmt"/>
      <line num="140" count="0" type="stmt"/>
      <line num="142" count="0" type="stmt"/>
      <line num="143" count="0" type="stmt"/>
      <line num="145" count="0" type="stmt"/>
      <line num="147" count="0" type="stmt"/>
      <line num="151" count="0" type="cond" truecount="0" falsecount="2"/>
      <line num="158" count="0" type="stmt"/>
      <line num="191" count="0" type="stmt"/>
      <line num="213" count="0" type="stmt"/>
      <line num="225" count="0" type="stmt"/>
      <line num="234" count="0" type="cond" truecount="0" falsecount="2"/>
      <line num="238" count="0" type="stmt"/>
      <line num="242" count="0" type="cond" truecount="0" falsecount="2"/>
      <line num="243" count="0" type="cond" truecount="0" falsecount="2"/>
      <line num="251" count="0" type="stmt"/>
      <line num="252" count="0" type="stmt"/>
      <line num="262" count="0" type="stmt"/>
      <line num="271" count="0" type="stmt"/>
      <line num="283" count="0" type="stmt"/>
      <line num="292" count="0" type="stmt"/>
      <line num="305" count="0" type="stmt"/>
      <line num="306" count="0" type="stmt"/>
      <line num="307" count="0" type="stmt"/>
      <line num="326" count="0" type="stmt"/>
      <line num="327" count="0" type="stmt"/>
      <line num="328" count="0" type="stmt"/>
      <line num="330" count="0" type="stmt"/>
      <line num="343" count="0" type="stmt"/>
      <line num="350" count="0" type="stmt"/>
      <line num="362" count="0" type="stmt"/>
      <line num="377" count="0" type="cond" truecount="0" falsecount="2"/>
      <line num="380" count="0" type="stmt"/>
      <line num="396" count="0" type="stmt"/>
      <line num="417" count="0" type="cond" truecount="0" falsecount="4"/>
      <line num="420" count="0" type="stmt"/>
      <line num="433" count="0" type="cond" truecount="0" falsecount="2"/>
      <line num="437" count="1" type="stmt"/>
      <line num="445" count="0" type="stmt"/>
      <line num="463" count="0" type="stmt"/>
      <line num="472" count="0" type="cond" truecount="0" falsecount="2"/>
      <line num="476" count="0" type="stmt"/>
      <line num="517" count="0" type="stmt"/>
      <line num="548" count="0" type="cond" truecount="0" falsecount="2"/>
      <line num="554" count="0" type="stmt"/>
      <line num="573" count="0" type="stmt"/>
      <line num="585" count="0" type="stmt"/>
      <line num="614" count="0" type="stmt"/>
      <line num="618" count="0" type="cond" truecount="0" falsecount="2"/>
      <line num="627" count="0" type="stmt"/>
      <line num="629" count="0" type="stmt"/>
      <line num="633" count="0" type="stmt"/>
      <line num="643" count="0" type="cond" truecount="0" falsecount="2"/>
      <line num="644" count="0" type="stmt"/>
      <line num="646" count="0" type="stmt"/>
      <line num="647" count="0" type="cond" truecount="0" falsecount="3"/>
      <line num="650" count="0" type="stmt"/>
      <line num="661" count="1" type="cond" truecount="1" falsecount="1"/>
      <line num="663" count="0" type="stmt"/>
      <line num="664" count="0" type="cond" truecount="0" falsecount="2"/>
      <line num="666" count="1" type="stmt"/>
      <line num="669" count="0" type="stmt"/>
      <line num="672" count="0" type="stmt"/>
      <line num="680" count="0" type="stmt"/>
    </file>
  </project>
</coverage>
