{"/Users/bhaswatidasgupta/Dev/CSE_210/unit-test-for-bigfoot/bigfoot/dist/bigfoot.min.js": {"path":"/Users/bhaswatidasgupta/Dev/CSE_210/unit-test-for-bigfoot/bigfoot/dist/bigfoot.min.js","statementMap":{"0":{"start":{"line":1,"column":0},"end":{"line":699,"column":14}},"1":{"start":{"line":2,"column":2},"end":{"line":698,"column":13}},"2":{"start":{"line":3,"column":4},"end":{"line":697,"column":7}},"3":{"start":{"line":31,"column":6},"end":{"line":696,"column":8}},"4":{"start":{"line":61,"column":10},"end":{"line":146,"column":13}},"5":{"start":{"line":65,"column":16},"end":{"line":77,"column":18}},"6":{"start":{"line":85,"column":16},"end":{"line":96,"column":18}},"7":{"start":{"line":106,"column":12},"end":{"line":146,"column":13}},"8":{"start":{"line":137,"column":16},"end":{"line":139,"column":31}},"9":{"start":{"line":140,"column":16},"end":{"line":140,"column":22}},"10":{"start":{"line":142,"column":16},"end":{"line":142,"column":53}},"11":{"start":{"line":143,"column":16},"end":{"line":143,"column":22}},"12":{"start":{"line":145,"column":16},"end":{"line":145,"column":58}},"13":{"start":{"line":147,"column":10},"end":{"line":147,"column":19}},"14":{"start":{"line":151,"column":10},"end":{"line":187,"column":15}},"15":{"start":{"line":158,"column":14},"end":{"line":186,"column":16}},"16":{"start":{"line":191,"column":10},"end":{"line":209,"column":12}},"17":{"start":{"line":213,"column":10},"end":{"line":221,"column":12}},"18":{"start":{"line":225,"column":10},"end":{"line":237,"column":30}},"19":{"start":{"line":234,"column":12},"end":{"line":237,"column":30}},"20":{"start":{"line":238,"column":10},"end":{"line":238,"column":19}},"21":{"start":{"line":242,"column":10},"end":{"line":258,"column":11}},"22":{"start":{"line":243,"column":12},"end":{"line":251,"column":21}},"23":{"start":{"line":251,"column":14},"end":{"line":251,"column":21}},"24":{"start":{"line":252,"column":12},"end":{"line":257,"column":16}},"25":{"start":{"line":262,"column":10},"end":{"line":267,"column":73}},"26":{"start":{"line":271,"column":10},"end":{"line":288,"column":62}},"27":{"start":{"line":283,"column":20},"end":{"line":283,"column":53}},"28":{"start":{"line":292,"column":10},"end":{"line":346,"column":12}},"29":{"start":{"line":305,"column":14},"end":{"line":305,"column":42}},"30":{"start":{"line":306,"column":14},"end":{"line":340,"column":15}},"31":{"start":{"line":307,"column":16},"end":{"line":324,"column":18}},"32":{"start":{"line":326,"column":16},"end":{"line":326,"column":25}},"33":{"start":{"line":327,"column":16},"end":{"line":329,"column":30}},"34":{"start":{"line":328,"column":18},"end":{"line":328,"column":43}},"35":{"start":{"line":330,"column":16},"end":{"line":339,"column":33}},"36":{"start":{"line":343,"column":14},"end":{"line":343,"column":45}},"37":{"start":{"line":350,"column":10},"end":{"line":359,"column":12}},"38":{"start":{"line":362,"column":10},"end":{"line":374,"column":12}},"39":{"start":{"line":377,"column":10},"end":{"line":414,"column":22}},"40":{"start":{"line":380,"column":16},"end":{"line":411,"column":18}},"41":{"start":{"line":396,"column":24},"end":{"line":401,"column":26}},"42":{"start":{"line":417,"column":10},"end":{"line":430,"column":21}},"43":{"start":{"line":420,"column":16},"end":{"line":428,"column":18}},"44":{"start":{"line":433,"column":10},"end":{"line":433,"column":49}},"45":{"start":{"line":437,"column":10},"end":{"line":468,"column":12}},"46":{"start":{"line":445,"column":14},"end":{"line":465,"column":16}},"47":{"start":{"line":463,"column":22},"end":{"line":463,"column":80}},"48":{"start":{"line":472,"column":10},"end":{"line":544,"column":16}},"49":{"start":{"line":476,"column":14},"end":{"line":543,"column":16}},"50":{"start":{"line":517,"column":22},"end":{"line":523,"column":24}},"51":{"start":{"line":548,"column":10},"end":{"line":550,"column":62}},"52":{"start":{"line":554,"column":10},"end":{"line":569,"column":12}},"53":{"start":{"line":573,"column":10},"end":{"line":581,"column":12}},"54":{"start":{"line":585,"column":10},"end":{"line":624,"column":12}},"55":{"start":{"line":614,"column":20},"end":{"line":614,"column":57}},"56":{"start":{"line":618,"column":18},"end":{"line":618,"column":48}},"57":{"start":{"line":627,"column":10},"end":{"line":639,"column":12}},"58":{"start":{"line":629,"column":12},"end":{"line":638,"column":14}},"59":{"start":{"line":633,"column":16},"end":{"line":636,"column":18}},"60":{"start":{"line":643,"column":10},"end":{"line":649,"column":25}},"61":{"start":{"line":644,"column":12},"end":{"line":644,"column":44}},"62":{"start":{"line":646,"column":12},"end":{"line":649,"column":25}},"63":{"start":{"line":647,"column":14},"end":{"line":649,"column":25}},"64":{"start":{"line":650,"column":10},"end":{"line":657,"column":12}},"65":{"start":{"line":661,"column":10},"end":{"line":665,"column":11}},"66":{"start":{"line":661,"column":52},"end":{"line":661,"column":75}},"67":{"start":{"line":663,"column":12},"end":{"line":663,"column":19}},"68":{"start":{"line":664,"column":12},"end":{"line":664,"column":79}},"69":{"start":{"line":664,"column":25},"end":{"line":664,"column":79}},"70":{"start":{"line":666,"column":10},"end":{"line":666,"column":19}},"71":{"start":{"line":669,"column":10},"end":{"line":669,"column":22}},"72":{"start":{"line":672,"column":10},"end":{"line":682,"column":12}},"73":{"start":{"line":680,"column":14},"end":{"line":680,"column":25}}},"fnMap":{"0":{"name":"(anonymous_0)","decl":{"start":{"line":1,"column":1},"end":{"line":1,"column":2}},"loc":{"start":{"line":1,"column":13},"end":{"line":699,"column":1}},"line":1},"1":{"name":"(anonymous_1)","decl":{"start":{"line":2,"column":4},"end":{"line":2,"column":5}},"loc":{"start":{"line":2,"column":17},"end":{"line":698,"column":3}},"line":2},"2":{"name":"(anonymous_2)","decl":{"start":{"line":3,"column":24},"end":{"line":3,"column":25}},"loc":{"start":{"line":3,"column":37},"end":{"line":697,"column":5}},"line":3},"3":{"name":"(anonymous_3)","decl":{"start":{"line":35,"column":28},"end":{"line":35,"column":29}},"loc":{"start":{"line":35,"column":40},"end":{"line":35,"column":42}},"line":35},"4":{"name":"(anonymous_4)","decl":{"start":{"line":59,"column":13},"end":{"line":59,"column":14}},"loc":{"start":{"line":59,"column":25},"end":{"line":148,"column":9}},"line":59},"5":{"name":"(anonymous_5)","decl":{"start":{"line":63,"column":30},"end":{"line":63,"column":31}},"loc":{"start":{"line":63,"column":42},"end":{"line":78,"column":15}},"line":63},"6":{"name":"(anonymous_6)","decl":{"start":{"line":83,"column":24},"end":{"line":83,"column":25}},"loc":{"start":{"line":83,"column":36},"end":{"line":97,"column":15}},"line":83},"7":{"name":"(anonymous_7)","decl":{"start":{"line":149,"column":13},"end":{"line":149,"column":14}},"loc":{"start":{"line":149,"column":29},"end":{"line":188,"column":9}},"line":149},"8":{"name":"(anonymous_8)","decl":{"start":{"line":156,"column":19},"end":{"line":156,"column":20}},"loc":{"start":{"line":156,"column":31},"end":{"line":187,"column":13}},"line":156},"9":{"name":"(anonymous_9)","decl":{"start":{"line":189,"column":13},"end":{"line":189,"column":14}},"loc":{"start":{"line":189,"column":26},"end":{"line":210,"column":9}},"line":189},"10":{"name":"(anonymous_10)","decl":{"start":{"line":211,"column":13},"end":{"line":211,"column":14}},"loc":{"start":{"line":211,"column":29},"end":{"line":222,"column":9}},"line":211},"11":{"name":"(anonymous_11)","decl":{"start":{"line":223,"column":13},"end":{"line":223,"column":14}},"loc":{"start":{"line":223,"column":32},"end":{"line":239,"column":9}},"line":223},"12":{"name":"(anonymous_12)","decl":{"start":{"line":240,"column":13},"end":{"line":240,"column":14}},"loc":{"start":{"line":240,"column":26},"end":{"line":259,"column":9}},"line":240},"13":{"name":"(anonymous_13)","decl":{"start":{"line":260,"column":13},"end":{"line":260,"column":14}},"loc":{"start":{"line":260,"column":26},"end":{"line":268,"column":9}},"line":260},"14":{"name":"(anonymous_14)","decl":{"start":{"line":269,"column":13},"end":{"line":269,"column":14}},"loc":{"start":{"line":269,"column":26},"end":{"line":289,"column":9}},"line":269},"15":{"name":"(anonymous_15)","decl":{"start":{"line":282,"column":29},"end":{"line":282,"column":30}},"loc":{"start":{"line":282,"column":41},"end":{"line":284,"column":19}},"line":282},"16":{"name":"(anonymous_16)","decl":{"start":{"line":290,"column":13},"end":{"line":290,"column":14}},"loc":{"start":{"line":290,"column":26},"end":{"line":347,"column":9}},"line":290},"17":{"name":"(anonymous_17)","decl":{"start":{"line":303,"column":19},"end":{"line":303,"column":20}},"loc":{"start":{"line":303,"column":31},"end":{"line":341,"column":13}},"line":303},"18":{"name":"(anonymous_18)","decl":{"start":{"line":342,"column":23},"end":{"line":342,"column":24}},"loc":{"start":{"line":342,"column":35},"end":{"line":344,"column":13}},"line":342},"19":{"name":"(anonymous_19)","decl":{"start":{"line":348,"column":13},"end":{"line":348,"column":14}},"loc":{"start":{"line":348,"column":25},"end":{"line":360,"column":9}},"line":348},"20":{"name":"(anonymous_20)","decl":{"start":{"line":361,"column":13},"end":{"line":361,"column":14}},"loc":{"start":{"line":361,"column":29},"end":{"line":375,"column":9}},"line":361},"21":{"name":"(anonymous_21)","decl":{"start":{"line":376,"column":34},"end":{"line":376,"column":35}},"loc":{"start":{"line":376,"column":46},"end":{"line":415,"column":9}},"line":376},"22":{"name":"(anonymous_22)","decl":{"start":{"line":378,"column":55},"end":{"line":378,"column":56}},"loc":{"start":{"line":378,"column":68},"end":{"line":412,"column":15}},"line":378},"23":{"name":"(anonymous_23)","decl":{"start":{"line":395,"column":27},"end":{"line":395,"column":28}},"loc":{"start":{"line":395,"column":39},"end":{"line":402,"column":23}},"line":395},"24":{"name":"(anonymous_24)","decl":{"start":{"line":416,"column":13},"end":{"line":416,"column":14}},"loc":{"start":{"line":416,"column":26},"end":{"line":431,"column":9}},"line":416},"25":{"name":"(anonymous_25)","decl":{"start":{"line":418,"column":25},"end":{"line":418,"column":26}},"loc":{"start":{"line":418,"column":37},"end":{"line":429,"column":15}},"line":418},"26":{"name":"(anonymous_26)","decl":{"start":{"line":432,"column":13},"end":{"line":432,"column":14}},"loc":{"start":{"line":432,"column":26},"end":{"line":434,"column":9}},"line":432},"27":{"name":"(anonymous_27)","decl":{"start":{"line":435,"column":13},"end":{"line":435,"column":14}},"loc":{"start":{"line":435,"column":29},"end":{"line":469,"column":9}},"line":435},"28":{"name":"(anonymous_28)","decl":{"start":{"line":444,"column":22},"end":{"line":444,"column":23}},"loc":{"start":{"line":444,"column":34},"end":{"line":466,"column":13}},"line":444},"29":{"name":"(anonymous_29)","decl":{"start":{"line":462,"column":31},"end":{"line":462,"column":32}},"loc":{"start":{"line":462,"column":43},"end":{"line":464,"column":21}},"line":462},"30":{"name":"(anonymous_30)","decl":{"start":{"line":470,"column":13},"end":{"line":470,"column":14}},"loc":{"start":{"line":470,"column":26},"end":{"line":545,"column":9}},"line":470},"31":{"name":"(anonymous_31)","decl":{"start":{"line":474,"column":40},"end":{"line":474,"column":41}},"loc":{"start":{"line":474,"column":52},"end":{"line":544,"column":13}},"line":474},"32":{"name":"(anonymous_32)","decl":{"start":{"line":515,"column":27},"end":{"line":515,"column":28}},"loc":{"start":{"line":515,"column":39},"end":{"line":524,"column":21}},"line":515},"33":{"name":"(anonymous_33)","decl":{"start":{"line":546,"column":13},"end":{"line":546,"column":14}},"loc":{"start":{"line":546,"column":29},"end":{"line":551,"column":9}},"line":546},"34":{"name":"(anonymous_34)","decl":{"start":{"line":552,"column":13},"end":{"line":552,"column":14}},"loc":{"start":{"line":552,"column":26},"end":{"line":570,"column":9}},"line":552},"35":{"name":"(anonymous_35)","decl":{"start":{"line":571,"column":13},"end":{"line":571,"column":14}},"loc":{"start":{"line":571,"column":25},"end":{"line":582,"column":9}},"line":571},"36":{"name":"(anonymous_36)","decl":{"start":{"line":583,"column":13},"end":{"line":583,"column":14}},"loc":{"start":{"line":583,"column":38},"end":{"line":625,"column":9}},"line":583},"37":{"name":"(anonymous_37)","decl":{"start":{"line":613,"column":29},"end":{"line":613,"column":30}},"loc":{"start":{"line":613,"column":42},"end":{"line":615,"column":19}},"line":613},"38":{"name":"(anonymous_38)","decl":{"start":{"line":616,"column":37},"end":{"line":616,"column":38}},"loc":{"start":{"line":616,"column":49},"end":{"line":616,"column":51}},"line":616},"39":{"name":"(anonymous_39)","decl":{"start":{"line":617,"column":21},"end":{"line":617,"column":22}},"loc":{"start":{"line":617,"column":34},"end":{"line":619,"column":17}},"line":617},"40":{"name":"(anonymous_40)","decl":{"start":{"line":626,"column":13},"end":{"line":626,"column":14}},"loc":{"start":{"line":626,"column":35},"end":{"line":640,"column":9}},"line":626},"41":{"name":"(anonymous_41)","decl":{"start":{"line":627,"column":17},"end":{"line":627,"column":18}},"loc":{"start":{"line":627,"column":33},"end":{"line":639,"column":11}},"line":627},"42":{"name":"(anonymous_42)","decl":{"start":{"line":632,"column":25},"end":{"line":632,"column":26}},"loc":{"start":{"line":632,"column":37},"end":{"line":637,"column":15}},"line":632},"43":{"name":"(anonymous_43)","decl":{"start":{"line":641,"column":13},"end":{"line":641,"column":14}},"loc":{"start":{"line":641,"column":29},"end":{"line":658,"column":9}},"line":641},"44":{"name":"(anonymous_44)","decl":{"start":{"line":659,"column":13},"end":{"line":659,"column":14}},"loc":{"start":{"line":659,"column":29},"end":{"line":667,"column":9}},"line":659},"45":{"name":"(anonymous_45)","decl":{"start":{"line":668,"column":13},"end":{"line":668,"column":14}},"loc":{"start":{"line":668,"column":26},"end":{"line":670,"column":9}},"line":668},"46":{"name":"(anonymous_46)","decl":{"start":{"line":671,"column":26},"end":{"line":671,"column":27}},"loc":{"start":{"line":671,"column":38},"end":{"line":683,"column":9}},"line":671},"47":{"name":"(anonymous_47)","decl":{"start":{"line":679,"column":41},"end":{"line":679,"column":42}},"loc":{"start":{"line":679,"column":53},"end":{"line":681,"column":13}},"line":679}},"branchMap":{"0":{"loc":{"start":{"line":62,"column":16},"end":{"line":62,"column":73}},"type":"cond-expr","locations":[{"start":{"line":62,"column":26},"end":{"line":62,"column":56}},{"start":{"line":62,"column":59},"end":{"line":62,"column":73}}],"line":62},"1":{"loc":{"start":{"line":68,"column":18},"end":{"line":68,"column":57}},"type":"binary-expr","locations":[{"start":{"line":68,"column":19},"end":{"line":68,"column":31}},{"start":{"line":68,"column":35},"end":{"line":68,"column":44}},{"start":{"line":68,"column":50},"end":{"line":68,"column":56}}],"line":68},"2":{"loc":{"start":{"line":69,"column":18},"end":{"line":76,"column":32}},"type":"binary-expr","locations":[{"start":{"line":69,"column":18},"end":{"line":69,"column":66}},{"start":{"line":70,"column":20},"end":{"line":76,"column":32}}],"line":69},"3":{"loc":{"start":{"line":89,"column":18},"end":{"line":90,"column":62}},"type":"binary-expr","locations":[{"start":{"line":89,"column":18},"end":{"line":89,"column":39}},{"start":{"line":90,"column":21},"end":{"line":90,"column":61}}],"line":89},"4":{"loc":{"start":{"line":92,"column":18},"end":{"line":95,"column":28}},"type":"cond-expr","locations":[{"start":{"line":93,"column":23},"end":{"line":94,"column":34}},{"start":{"line":95,"column":22},"end":{"line":95,"column":28}}],"line":92},"5":{"loc":{"start":{"line":99,"column":18},"end":{"line":99,"column":67}},"type":"cond-expr","locations":[{"start":{"line":99,"column":33},"end":{"line":99,"column":34}},{"start":{"line":99,"column":37},"end":{"line":99,"column":67}}],"line":99},"6":{"loc":{"start":{"line":103,"column":12},"end":{"line":103,"column":34}},"type":"cond-expr","locations":[{"start":{"line":103,"column":21},"end":{"line":103,"column":26}},{"start":{"line":103,"column":29},"end":{"line":103,"column":34}}],"line":103},"7":{"loc":{"start":{"line":104,"column":16},"end":{"line":104,"column":34}},"type":"cond-expr","locations":[{"start":{"line":104,"column":25},"end":{"line":104,"column":28}},{"start":{"line":104,"column":31},"end":{"line":104,"column":34}}],"line":104},"8":{"loc":{"start":{"line":106,"column":12},"end":{"line":146,"column":13}},"type":"switch","locations":[{"start":{"line":136,"column":14},"end":{"line":140,"column":22}},{"start":{"line":141,"column":14},"end":{"line":143,"column":22}},{"start":{"line":144,"column":14},"end":{"line":145,"column":58}}],"line":106},"9":{"loc":{"start":{"line":120,"column":14},"end":{"line":124,"column":25}},"type":"cond-expr","locations":[{"start":{"line":121,"column":19},"end":{"line":123,"column":25}},{"start":{"line":124,"column":19},"end":{"line":124,"column":24}}],"line":120},"10":{"loc":{"start":{"line":122,"column":18},"end":{"line":122,"column":46}},"type":"cond-expr","locations":[{"start":{"line":122,"column":29},"end":{"line":122,"column":35}},{"start":{"line":122,"column":40},"end":{"line":122,"column":45}}],"line":122},"11":{"loc":{"start":{"line":125,"column":14},"end":{"line":125,"column":62}},"type":"binary-expr","locations":[{"start":{"line":125,"column":14},"end":{"line":125,"column":34}},{"start":{"line":125,"column":39},"end":{"line":125,"column":61}}],"line":125},"12":{"loc":{"start":{"line":151,"column":10},"end":{"line":151,"column":31}},"type":"binary-expr","locations":[{"start":{"line":151,"column":10},"end":{"line":151,"column":19}},{"start":{"line":151,"column":24},"end":{"line":151,"column":30}}],"line":151},"13":{"loc":{"start":{"line":163,"column":16},"end":{"line":185,"column":22}},"type":"cond-expr","locations":[{"start":{"line":164,"column":21},"end":{"line":170,"column":21}},{"start":{"line":171,"column":20},"end":{"line":185,"column":22}}],"line":163},"14":{"loc":{"start":{"line":164,"column":27},"end":{"line":164,"column":45}},"type":"binary-expr","locations":[{"start":{"line":164,"column":27},"end":{"line":164,"column":39}},{"start":{"line":164,"column":43},"end":{"line":164,"column":45}}],"line":164},"15":{"loc":{"start":{"line":164,"column":50},"end":{"line":164,"column":68}},"type":"binary-expr","locations":[{"start":{"line":164,"column":50},"end":{"line":164,"column":62}},{"start":{"line":164,"column":66},"end":{"line":164,"column":68}}],"line":164},"16":{"loc":{"start":{"line":171,"column":20},"end":{"line":185,"column":22}},"type":"cond-expr","locations":[{"start":{"line":172,"column":21},"end":{"line":178,"column":21}},{"start":{"line":179,"column":21},"end":{"line":185,"column":21}}],"line":171},"17":{"loc":{"start":{"line":172,"column":27},"end":{"line":172,"column":45}},"type":"binary-expr","locations":[{"start":{"line":172,"column":27},"end":{"line":172,"column":39}},{"start":{"line":172,"column":43},"end":{"line":172,"column":45}}],"line":172},"18":{"loc":{"start":{"line":172,"column":50},"end":{"line":172,"column":68}},"type":"binary-expr","locations":[{"start":{"line":172,"column":50},"end":{"line":172,"column":62}},{"start":{"line":172,"column":66},"end":{"line":172,"column":68}}],"line":172},"19":{"loc":{"start":{"line":179,"column":26},"end":{"line":179,"column":44}},"type":"binary-expr","locations":[{"start":{"line":179,"column":26},"end":{"line":179,"column":38}},{"start":{"line":179,"column":42},"end":{"line":179,"column":44}}],"line":179},"20":{"loc":{"start":{"line":193,"column":12},"end":{"line":208,"column":22}},"type":"cond-expr","locations":[{"start":{"line":195,"column":17},"end":{"line":199,"column":20}},{"start":{"line":200,"column":16},"end":{"line":208,"column":22}}],"line":193},"21":{"loc":{"start":{"line":193,"column":12},"end":{"line":194,"column":65}},"type":"binary-expr","locations":[{"start":{"line":193,"column":12},"end":{"line":193,"column":26}},{"start":{"line":194,"column":12},"end":{"line":194,"column":65}}],"line":193},"22":{"loc":{"start":{"line":196,"column":16},"end":{"line":198,"column":53}},"type":"cond-expr","locations":[{"start":{"line":197,"column":20},"end":{"line":197,"column":30}},{"start":{"line":198,"column":20},"end":{"line":198,"column":53}}],"line":196},"23":{"loc":{"start":{"line":200,"column":16},"end":{"line":208,"column":22}},"type":"cond-expr","locations":[{"start":{"line":202,"column":17},"end":{"line":207,"column":20}},{"start":{"line":208,"column":16},"end":{"line":208,"column":22}}],"line":200},"24":{"loc":{"start":{"line":203,"column":16},"end":{"line":206,"column":54}},"type":"cond-expr","locations":[{"start":{"line":204,"column":20},"end":{"line":204,"column":30}},{"start":{"line":205,"column":21},"end":{"line":206,"column":53}}],"line":203},"25":{"loc":{"start":{"line":214,"column":12},"end":{"line":215,"column":74}},"type":"binary-expr","locations":[{"start":{"line":214,"column":12},"end":{"line":214,"column":31}},{"start":{"line":215,"column":15},"end":{"line":215,"column":73}}],"line":214},"26":{"loc":{"start":{"line":234,"column":12},"end":{"line":236,"column":63}},"type":"binary-expr","locations":[{"start":{"line":234,"column":12},"end":{"line":234,"column":16}},{"start":{"line":235,"column":15},"end":{"line":236,"column":62}}],"line":234},"27":{"loc":{"start":{"line":235,"column":20},"end":{"line":235,"column":38}},"type":"binary-expr","locations":[{"start":{"line":235,"column":20},"end":{"line":235,"column":32}},{"start":{"line":235,"column":36},"end":{"line":235,"column":38}}],"line":235},"28":{"loc":{"start":{"line":242,"column":10},"end":{"line":258,"column":11}},"type":"if","locations":[{"start":{"line":242,"column":10},"end":{"line":258,"column":11}},{"start":{},"end":{}}],"line":242},"29":{"loc":{"start":{"line":243,"column":12},"end":{"line":251,"column":21}},"type":"if","locations":[{"start":{"line":243,"column":12},"end":{"line":251,"column":21}},{"start":{},"end":{}}],"line":243},"30":{"loc":{"start":{"line":253,"column":14},"end":{"line":254,"column":64}},"type":"binary-expr","locations":[{"start":{"line":253,"column":14},"end":{"line":253,"column":31}},{"start":{"line":254,"column":17},"end":{"line":254,"column":63}}],"line":253},"31":{"loc":{"start":{"line":265,"column":12},"end":{"line":267,"column":72}},"type":"cond-expr","locations":[{"start":{"line":266,"column":17},"end":{"line":266,"column":41}},{"start":{"line":267,"column":16},"end":{"line":267,"column":72}}],"line":265},"32":{"loc":{"start":{"line":267,"column":16},"end":{"line":267,"column":72}},"type":"binary-expr","locations":[{"start":{"line":267,"column":16},"end":{"line":267,"column":28}},{"start":{"line":267,"column":32},"end":{"line":267,"column":65}},{"start":{"line":267,"column":69},"end":{"line":267,"column":72}}],"line":267},"33":{"loc":{"start":{"line":276,"column":12},"end":{"line":288,"column":61}},"type":"binary-expr","locations":[{"start":{"line":276,"column":12},"end":{"line":276,"column":34}},{"start":{"line":277,"column":15},"end":{"line":288,"column":60}}],"line":276},"34":{"loc":{"start":{"line":277,"column":15},"end":{"line":288,"column":60}},"type":"cond-expr","locations":[{"start":{"line":278,"column":18},"end":{"line":280,"column":23}},{"start":{"line":281,"column":19},"end":{"line":288,"column":59}}],"line":277},"35":{"loc":{"start":{"line":278,"column":18},"end":{"line":280,"column":23}},"type":"cond-expr","locations":[{"start":{"line":279,"column":20},"end":{"line":279,"column":53}},{"start":{"line":280,"column":20},"end":{"line":280,"column":23}}],"line":278},"36":{"loc":{"start":{"line":287,"column":18},"end":{"line":288,"column":59}},"type":"binary-expr","locations":[{"start":{"line":287,"column":18},"end":{"line":287,"column":35}},{"start":{"line":288,"column":20},"end":{"line":288,"column":59}}],"line":287},"37":{"loc":{"start":{"line":295,"column":14},"end":{"line":301,"column":70}},"type":"cond-expr","locations":[{"start":{"line":296,"column":18},"end":{"line":296,"column":19}},{"start":{"line":297,"column":18},"end":{"line":301,"column":70}}],"line":295},"38":{"loc":{"start":{"line":295,"column":14},"end":{"line":295,"column":55}},"type":"binary-expr","locations":[{"start":{"line":295,"column":14},"end":{"line":295,"column":34}},{"start":{"line":295,"column":38},"end":{"line":295,"column":55}}],"line":295},"39":{"loc":{"start":{"line":297,"column":18},"end":{"line":301,"column":70}},"type":"cond-expr","locations":[{"start":{"line":298,"column":18},"end":{"line":298,"column":27}},{"start":{"line":299,"column":18},"end":{"line":301,"column":70}}],"line":297},"40":{"loc":{"start":{"line":299,"column":18},"end":{"line":301,"column":70}},"type":"cond-expr","locations":[{"start":{"line":300,"column":18},"end":{"line":300,"column":59}},{"start":{"line":301,"column":18},"end":{"line":301,"column":70}}],"line":299},"41":{"loc":{"start":{"line":363,"column":12},"end":{"line":372,"column":64}},"type":"cond-expr","locations":[{"start":{"line":364,"column":17},"end":{"line":364,"column":24}},{"start":{"line":365,"column":16},"end":{"line":372,"column":64}}],"line":363},"42":{"loc":{"start":{"line":365,"column":16},"end":{"line":372,"column":64}},"type":"cond-expr","locations":[{"start":{"line":366,"column":17},"end":{"line":366,"column":40}},{"start":{"line":367,"column":16},"end":{"line":372,"column":64}}],"line":365},"43":{"loc":{"start":{"line":367,"column":16},"end":{"line":372,"column":64}},"type":"cond-expr","locations":[{"start":{"line":368,"column":17},"end":{"line":368,"column":67}},{"start":{"line":369,"column":16},"end":{"line":372,"column":64}}],"line":367},"44":{"loc":{"start":{"line":369,"column":16},"end":{"line":372,"column":64}},"type":"cond-expr","locations":[{"start":{"line":370,"column":17},"end":{"line":371,"column":69}},{"start":{"line":372,"column":16},"end":{"line":372,"column":64}}],"line":369},"45":{"loc":{"start":{"line":371,"column":16},"end":{"line":371,"column":69}},"type":"binary-expr","locations":[{"start":{"line":371,"column":16},"end":{"line":371,"column":23}},{"start":{"line":371,"column":28},"end":{"line":371,"column":68}}],"line":371},"46":{"loc":{"start":{"line":372,"column":16},"end":{"line":372,"column":64}},"type":"binary-expr","locations":[{"start":{"line":372,"column":16},"end":{"line":372,"column":35}},{"start":{"line":372,"column":40},"end":{"line":372,"column":63}}],"line":372},"47":{"loc":{"start":{"line":377,"column":17},"end":{"line":414,"column":21}},"type":"cond-expr","locations":[{"start":{"line":378,"column":15},"end":{"line":413,"column":21}},{"start":{"line":414,"column":14},"end":{"line":414,"column":21}}],"line":377},"48":{"loc":{"start":{"line":386,"column":18},"end":{"line":388,"column":47}},"type":"binary-expr","locations":[{"start":{"line":386,"column":18},"end":{"line":386,"column":35}},{"start":{"line":387,"column":20},"end":{"line":387,"column":38}},{"start":{"line":388,"column":20},"end":{"line":388,"column":47}}],"line":386},"49":{"loc":{"start":{"line":389,"column":18},"end":{"line":410,"column":28}},"type":"cond-expr","locations":[{"start":{"line":390,"column":23},"end":{"line":409,"column":60}},{"start":{"line":410,"column":22},"end":{"line":410,"column":28}}],"line":389},"50":{"loc":{"start":{"line":391,"column":24},"end":{"line":393,"column":54}},"type":"cond-expr","locations":[{"start":{"line":392,"column":28},"end":{"line":392,"column":56}},{"start":{"line":393,"column":28},"end":{"line":393,"column":54}}],"line":391},"51":{"loc":{"start":{"line":403,"column":22},"end":{"line":409,"column":60}},"type":"cond-expr","locations":[{"start":{"line":404,"column":27},"end":{"line":404,"column":79}},{"start":{"line":405,"column":26},"end":{"line":409,"column":60}}],"line":403},"52":{"loc":{"start":{"line":403,"column":22},"end":{"line":403,"column":42}},"type":"binary-expr","locations":[{"start":{"line":403,"column":22},"end":{"line":403,"column":24}},{"start":{"line":403,"column":28},"end":{"line":403,"column":42}}],"line":403},"53":{"loc":{"start":{"line":405,"column":26},"end":{"line":409,"column":60}},"type":"cond-expr","locations":[{"start":{"line":406,"column":27},"end":{"line":408,"column":29}},{"start":{"line":409,"column":26},"end":{"line":409,"column":60}}],"line":405},"54":{"loc":{"start":{"line":405,"column":26},"end":{"line":405,"column":36}},"type":"binary-expr","locations":[{"start":{"line":405,"column":26},"end":{"line":405,"column":27}},{"start":{"line":405,"column":31},"end":{"line":405,"column":36}}],"line":405},"55":{"loc":{"start":{"line":417,"column":17},"end":{"line":430,"column":20}},"type":"cond-expr","locations":[{"start":{"line":418,"column":14},"end":{"line":429,"column":30}},{"start":{"line":430,"column":14},"end":{"line":430,"column":20}}],"line":417},"56":{"loc":{"start":{"line":417,"column":17},"end":{"line":417,"column":55}},"type":"binary-expr","locations":[{"start":{"line":417,"column":17},"end":{"line":417,"column":34}},{"start":{"line":417,"column":38},"end":{"line":417,"column":55}}],"line":417},"57":{"loc":{"start":{"line":424,"column":18},"end":{"line":427,"column":28}},"type":"cond-expr","locations":[{"start":{"line":426,"column":22},"end":{"line":426,"column":25}},{"start":{"line":427,"column":22},"end":{"line":427,"column":28}}],"line":424},"58":{"loc":{"start":{"line":433,"column":17},"end":{"line":433,"column":48}},"type":"cond-expr","locations":[{"start":{"line":433,"column":36},"end":{"line":433,"column":39}},{"start":{"line":433,"column":42},"end":{"line":433,"column":48}}],"line":433},"59":{"loc":{"start":{"line":438,"column":12},"end":{"line":438,"column":50}},"type":"binary-expr","locations":[{"start":{"line":438,"column":12},"end":{"line":438,"column":21}},{"start":{"line":438,"column":26},"end":{"line":438,"column":49}}],"line":438},"60":{"loc":{"start":{"line":439,"column":12},"end":{"line":439,"column":51}},"type":"binary-expr","locations":[{"start":{"line":439,"column":12},"end":{"line":439,"column":21}},{"start":{"line":439,"column":26},"end":{"line":439,"column":50}}],"line":439},"61":{"loc":{"start":{"line":453,"column":16},"end":{"line":464,"column":26}},"type":"cond-expr","locations":[{"start":{"line":454,"column":20},"end":{"line":454,"column":26}},{"start":{"line":455,"column":21},"end":{"line":464,"column":25}}],"line":453},"62":{"loc":{"start":{"line":472,"column":10},"end":{"line":544,"column":15}},"type":"binary-expr","locations":[{"start":{"line":472,"column":10},"end":{"line":472,"column":27}},{"start":{"line":473,"column":13},"end":{"line":544,"column":14}}],"line":472},"63":{"loc":{"start":{"line":473,"column":18},"end":{"line":473,"column":39}},"type":"cond-expr","locations":[{"start":{"line":473,"column":22},"end":{"line":473,"column":28}},{"start":{"line":473,"column":31},"end":{"line":473,"column":39}}],"line":473},"64":{"loc":{"start":{"line":487,"column":21},"end":{"line":487,"column":65}},"type":"binary-expr","locations":[{"start":{"line":487,"column":21},"end":{"line":487,"column":37}},{"start":{"line":487,"column":41},"end":{"line":487,"column":65}}],"line":487},"65":{"loc":{"start":{"line":489,"column":16},"end":{"line":506,"column":48}},"type":"cond-expr","locations":[{"start":{"line":490,"column":21},"end":{"line":499,"column":44}},{"start":{"line":500,"column":21},"end":{"line":506,"column":47}}],"line":489},"66":{"loc":{"start":{"line":490,"column":21},"end":{"line":498,"column":24}},"type":"binary-expr","locations":[{"start":{"line":490,"column":21},"end":{"line":490,"column":32}},{"start":{"line":491,"column":23},"end":{"line":498,"column":23}}],"line":490},"67":{"loc":{"start":{"line":500,"column":21},"end":{"line":505,"column":79}},"type":"binary-expr","locations":[{"start":{"line":500,"column":22},"end":{"line":500,"column":36}},{"start":{"line":500,"column":40},"end":{"line":500,"column":52}},{"start":{"line":501,"column":23},"end":{"line":505,"column":78}}],"line":500},"68":{"loc":{"start":{"line":510,"column":16},"end":{"line":538,"column":39}},"type":"binary-expr","locations":[{"start":{"line":510,"column":16},"end":{"line":510,"column":30}},{"start":{"line":511,"column":19},"end":{"line":538,"column":38}}],"line":510},"69":{"loc":{"start":{"line":514,"column":18},"end":{"line":525,"column":32}},"type":"binary-expr","locations":[{"start":{"line":514,"column":18},"end":{"line":514,"column":24}},{"start":{"line":515,"column":21},"end":{"line":525,"column":31}}],"line":514},"70":{"loc":{"start":{"line":519,"column":24},"end":{"line":521,"column":63}},"type":"binary-expr","locations":[{"start":{"line":519,"column":24},"end":{"line":519,"column":44}},{"start":{"line":520,"column":27},"end":{"line":521,"column":62}}],"line":519},"71":{"loc":{"start":{"line":521,"column":26},"end":{"line":521,"column":62}},"type":"binary-expr","locations":[{"start":{"line":521,"column":26},"end":{"line":521,"column":38}},{"start":{"line":521,"column":43},"end":{"line":521,"column":61}}],"line":521},"72":{"loc":{"start":{"line":539,"column":16},"end":{"line":542,"column":26}},"type":"cond-expr","locations":[{"start":{"line":541,"column":20},"end":{"line":541,"column":47}},{"start":{"line":542,"column":20},"end":{"line":542,"column":26}}],"line":539},"73":{"loc":{"start":{"line":548,"column":10},"end":{"line":548,"column":32}},"type":"binary-expr","locations":[{"start":{"line":548,"column":10},"end":{"line":548,"column":19}},{"start":{"line":548,"column":24},"end":{"line":548,"column":31}}],"line":548},"74":{"loc":{"start":{"line":550,"column":12},"end":{"line":550,"column":61}},"type":"binary-expr","locations":[{"start":{"line":550,"column":12},"end":{"line":550,"column":24}},{"start":{"line":550,"column":28},"end":{"line":550,"column":61}}],"line":550},"75":{"loc":{"start":{"line":586,"column":12},"end":{"line":586,"column":51}},"type":"binary-expr","locations":[{"start":{"line":586,"column":12},"end":{"line":586,"column":21}},{"start":{"line":586,"column":26},"end":{"line":586,"column":50}}],"line":586},"76":{"loc":{"start":{"line":587,"column":12},"end":{"line":587,"column":33}},"type":"binary-expr","locations":[{"start":{"line":587,"column":12},"end":{"line":587,"column":21}},{"start":{"line":587,"column":26},"end":{"line":587,"column":32}}],"line":587},"77":{"loc":{"start":{"line":591,"column":12},"end":{"line":606,"column":23}},"type":"cond-expr","locations":[{"start":{"line":592,"column":17},"end":{"line":605,"column":42}},{"start":{"line":606,"column":17},"end":{"line":606,"column":22}}],"line":591},"78":{"loc":{"start":{"line":593,"column":18},"end":{"line":597,"column":23}},"type":"cond-expr","locations":[{"start":{"line":594,"column":22},"end":{"line":594,"column":30}},{"start":{"line":595,"column":22},"end":{"line":597,"column":23}}],"line":593},"79":{"loc":{"start":{"line":595,"column":22},"end":{"line":597,"column":23}},"type":"cond-expr","locations":[{"start":{"line":596,"column":22},"end":{"line":596,"column":30}},{"start":{"line":597,"column":22},"end":{"line":597,"column":23}}],"line":595},"80":{"loc":{"start":{"line":599,"column":18},"end":{"line":603,"column":26}},"type":"cond-expr","locations":[{"start":{"line":600,"column":22},"end":{"line":600,"column":27}},{"start":{"line":601,"column":22},"end":{"line":603,"column":26}}],"line":599},"81":{"loc":{"start":{"line":601,"column":22},"end":{"line":603,"column":26}},"type":"cond-expr","locations":[{"start":{"line":602,"column":22},"end":{"line":602,"column":27}},{"start":{"line":603,"column":22},"end":{"line":603,"column":26}}],"line":601},"82":{"loc":{"start":{"line":604,"column":21},"end":{"line":604,"column":72}},"type":"cond-expr","locations":[{"start":{"line":604,"column":25},"end":{"line":604,"column":68}},{"start":{"line":604,"column":71},"end":{"line":604,"column":72}}],"line":604},"83":{"loc":{"start":{"line":607,"column":12},"end":{"line":623,"column":33}},"type":"cond-expr","locations":[{"start":{"line":608,"column":16},"end":{"line":608,"column":52}},{"start":{"line":609,"column":17},"end":{"line":623,"column":32}}],"line":607},"84":{"loc":{"start":{"line":607,"column":12},"end":{"line":607,"column":44}},"type":"binary-expr","locations":[{"start":{"line":607,"column":12},"end":{"line":607,"column":19}},{"start":{"line":607,"column":23},"end":{"line":607,"column":44}}],"line":607},"85":{"loc":{"start":{"line":612,"column":18},"end":{"line":615,"column":20}},"type":"binary-expr","locations":[{"start":{"line":612,"column":18},"end":{"line":612,"column":19}},{"start":{"line":613,"column":18},"end":{"line":615,"column":20}}],"line":612},"86":{"loc":{"start":{"line":616,"column":21},"end":{"line":616,"column":52}},"type":"binary-expr","locations":[{"start":{"line":616,"column":21},"end":{"line":616,"column":22}},{"start":{"line":616,"column":26},"end":{"line":616,"column":52}}],"line":616},"87":{"loc":{"start":{"line":618,"column":18},"end":{"line":618,"column":47}},"type":"cond-expr","locations":[{"start":{"line":618,"column":30},"end":{"line":618,"column":37}},{"start":{"line":618,"column":40},"end":{"line":618,"column":47}}],"line":618},"88":{"loc":{"start":{"line":631,"column":14},"end":{"line":631,"column":76}},"type":"binary-expr","locations":[{"start":{"line":631,"column":14},"end":{"line":631,"column":15}},{"start":{"line":631,"column":20},"end":{"line":631,"column":75}}],"line":631},"89":{"loc":{"start":{"line":635,"column":18},"end":{"line":635,"column":44}},"type":"cond-expr","locations":[{"start":{"line":635,"column":22},"end":{"line":635,"column":35}},{"start":{"line":635,"column":38},"end":{"line":635,"column":44}}],"line":635},"90":{"loc":{"start":{"line":643,"column":10},"end":{"line":649,"column":25}},"type":"if","locations":[{"start":{"line":643,"column":10},"end":{"line":649,"column":25}},{"start":{"line":646,"column":12},"end":{"line":649,"column":25}}],"line":643},"91":{"loc":{"start":{"line":647,"column":14},"end":{"line":649,"column":24}},"type":"binary-expr","locations":[{"start":{"line":647,"column":14},"end":{"line":647,"column":45}},{"start":{"line":648,"column":16},"end":{"line":648,"column":41}},{"start":{"line":649,"column":17},"end":{"line":649,"column":23}}],"line":647},"92":{"loc":{"start":{"line":651,"column":12},"end":{"line":655,"column":43}},"type":"binary-expr","locations":[{"start":{"line":651,"column":12},"end":{"line":651,"column":13}},{"start":{"line":652,"column":15},"end":{"line":655,"column":42}}],"line":651},"93":{"loc":{"start":{"line":652,"column":34},"end":{"line":652,"column":40}},"type":"binary-expr","locations":[{"start":{"line":652,"column":34},"end":{"line":652,"column":35}},{"start":{"line":652,"column":39},"end":{"line":652,"column":40}}],"line":652},"94":{"loc":{"start":{"line":653,"column":14},"end":{"line":653,"column":66}},"type":"cond-expr","locations":[{"start":{"line":653,"column":18},"end":{"line":653,"column":36}},{"start":{"line":653,"column":39},"end":{"line":653,"column":66}}],"line":653},"95":{"loc":{"start":{"line":655,"column":35},"end":{"line":655,"column":41}},"type":"binary-expr","locations":[{"start":{"line":655,"column":35},"end":{"line":655,"column":36}},{"start":{"line":655,"column":40},"end":{"line":655,"column":41}}],"line":655},"96":{"loc":{"start":{"line":661,"column":10},"end":{"line":665,"column":11}},"type":"if","locations":[{"start":{"line":661,"column":10},"end":{"line":665,"column":11}},{"start":{"line":662,"column":15},"end":{"line":665,"column":11}}],"line":661},"97":{"loc":{"start":{"line":664,"column":25},"end":{"line":664,"column":78}},"type":"binary-expr","locations":[{"start":{"line":664,"column":25},"end":{"line":664,"column":44}},{"start":{"line":664,"column":49},"end":{"line":664,"column":77}}],"line":664}},"s":{"0":6,"1":6,"2":6,"3":5,"4":0,"5":0,"6":0,"7":0,"8":0,"9":0,"10":0,"11":0,"12":0,"13":0,"14":0,"15":0,"16":0,"17":0,"18":0,"19":0,"20":0,"21":0,"22":0,"23":0,"24":0,"25":0,"26":0,"27":0,"28":0,"29":0,"30":0,"31":0,"32":0,"33":0,"34":0,"35":0,"36":0,"37":0,"38":0,"39":0,"40":0,"41":0,"42":0,"43":0,"44":0,"45":1,"46":0,"47":0,"48":0,"49":0,"50":0,"51":0,"52":0,"53":0,"54":0,"55":0,"56":0,"57":0,"58":0,"59":0,"60":0,"61":0,"62":0,"63":0,"64":0,"65":1,"66":1,"67":0,"68":0,"69":0,"70":1,"71":0,"72":0,"73":0},"f":{"0":6,"1":6,"2":5,"3":0,"4":0,"5":0,"6":0,"7":0,"8":0,"9":0,"10":0,"11":0,"12":0,"13":0,"14":0,"15":0,"16":0,"17":0,"18":0,"19":0,"20":0,"21":0,"22":0,"23":0,"24":0,"25":0,"26":0,"27":1,"28":0,"29":0,"30":0,"31":0,"32":0,"33":0,"34":0,"35":0,"36":0,"37":0,"38":0,"39":0,"40":0,"41":0,"42":0,"43":0,"44":1,"45":0,"46":0,"47":0},"b":{"0":[0,0],"1":[0,0,0],"2":[0,0],"3":[0,0],"4":[0,0],"5":[0,0],"6":[0,0],"7":[0,0],"8":[0,0,0],"9":[0,0],"10":[0,0],"11":[0,0],"12":[0,0],"13":[0,0],"14":[0,0],"15":[0,0],"16":[0,0],"17":[0,0],"18":[0,0],"19":[0,0],"20":[0,0],"21":[0,0],"22":[0,0],"23":[0,0],"24":[0,0],"25":[0,0],"26":[0,0],"27":[0,0],"28":[0,0],"29":[0,0],"30":[0,0],"31":[0,0],"32":[0,0,0],"33":[0,0],"34":[0,0],"35":[0,0],"36":[0,0],"37":[0,0],"38":[0,0],"39":[0,0],"40":[0,0],"41":[0,0],"42":[0,0],"43":[0,0],"44":[0,0],"45":[0,0],"46":[0,0],"47":[0,0],"48":[0,0,0],"49":[0,0],"50":[0,0],"51":[0,0],"52":[0,0],"53":[0,0],"54":[0,0],"55":[0,0],"56":[0,0],"57":[0,0],"58":[0,0],"59":[1,1],"60":[1,1],"61":[0,0],"62":[0,0],"63":[0,0],"64":[0,0],"65":[0,0],"66":[0,0],"67":[0,0,0],"68":[0,0],"69":[0,0],"70":[0,0],"71":[0,0],"72":[0,0],"73":[0,0],"74":[0,0],"75":[0,0],"76":[0,0],"77":[0,0],"78":[0,0],"79":[0,0],"80":[0,0],"81":[0,0],"82":[0,0],"83":[0,0],"84":[0,0],"85":[0,0],"86":[0,0],"87":[0,0],"88":[0,0],"89":[0,0],"90":[0,0],"91":[0,0,0],"92":[0,0],"93":[0,0],"94":[0,0],"95":[0,0],"96":[1,0],"97":[0,0]},"_coverageSchema":"1a1c01bbd47fc00a2c39e90264f33305004495a9","hash":"3019beda54f3575f36c29140ac266c314e244dae"}
}
