TN:
SF:bigfoot/dist/bigfoot.min.js
FN:1,(anonymous_0)
FN:2,(anonymous_1)
FN:3,(anonymous_2)
FN:35,(anonymous_3)
FN:59,(anonymous_4)
FN:63,(anonymous_5)
FN:83,(anonymous_6)
FN:149,(anonymous_7)
FN:156,(anonymous_8)
FN:189,(anonymous_9)
FN:211,(anonymous_10)
FN:223,(anonymous_11)
FN:240,(anonymous_12)
FN:260,(anonymous_13)
FN:269,(anonymous_14)
FN:282,(anonymous_15)
FN:290,(anonymous_16)
FN:303,(anonymous_17)
FN:342,(anonymous_18)
FN:348,(anonymous_19)
FN:361,(anonymous_20)
FN:376,(anonymous_21)
FN:378,(anonymous_22)
FN:395,(anonymous_23)
FN:416,(anonymous_24)
FN:418,(anonymous_25)
FN:432,(anonymous_26)
FN:435,(anonymous_27)
FN:444,(anonymous_28)
FN:462,(anonymous_29)
FN:470,(anonymous_30)
FN:474,(anonymous_31)
FN:515,(anonymous_32)
FN:546,(anonymous_33)
FN:552,(anonymous_34)
FN:571,(anonymous_35)
FN:583,(anonymous_36)
FN:613,(anonymous_37)
FN:616,(anonymous_38)
FN:617,(anonymous_39)
FN:626,(anonymous_40)
FN:627,(anonymous_41)
FN:632,(anonymous_42)
FN:641,(anonymous_43)
FN:659,(anonymous_44)
FN:668,(anonymous_45)
FN:671,(anonymous_46)
FN:679,(anonymous_47)
FNF:48
FNH:8
FNDA:5,(anonymous_0)
FNDA:5,(anonymous_1)
FNDA:4,(anonymous_2)
FNDA:0,(anonymous_3)
FNDA:1,(anonymous_4)
FNDA:0,(anonymous_5)
FNDA:0,(anonymous_6)
FNDA:1,(anonymous_7)
FNDA:0,(anonymous_8)
FNDA:0,(anonymous_9)
FNDA:0,(anonymous_10)
FNDA:0,(anonymous_11)
FNDA:0,(anonymous_12)
FNDA:0,(anonymous_13)
FNDA:0,(anonymous_14)
FNDA:0,(anonymous_15)
FNDA:0,(anonymous_16)
FNDA:0,(anonymous_17)
FNDA:0,(anonymous_18)
FNDA:0,(anonymous_19)
FNDA:0,(anonymous_20)
FNDA:0,(anonymous_21)
FNDA:0,(anonymous_22)
FNDA:0,(anonymous_23)
FNDA:0,(anonymous_24)
FNDA:0,(anonymous_25)
FNDA:0,(anonymous_26)
FNDA:1,(anonymous_27)
FNDA:0,(anonymous_28)
FNDA:0,(anonymous_29)
FNDA:0,(anonymous_30)
FNDA:0,(anonymous_31)
FNDA:0,(anonymous_32)
FNDA:0,(anonymous_33)
FNDA:0,(anonymous_34)
FNDA:0,(anonymous_35)
FNDA:0,(anonymous_36)
FNDA:0,(anonymous_37)
FNDA:0,(anonymous_38)
FNDA:0,(anonymous_39)
FNDA:0,(anonymous_40)
FNDA:0,(anonymous_41)
FNDA:0,(anonymous_42)
FNDA:0,(anonymous_43)
FNDA:1,(anonymous_44)
FNDA:0,(anonymous_45)
FNDA:1,(anonymous_46)
FNDA:0,(anonymous_47)
DA:1,5
DA:2,5
DA:3,5
DA:31,4
DA:61,1
DA:65,0
DA:85,0
DA:106,0
DA:137,0
DA:140,0
DA:142,0
DA:143,0
DA:145,0
DA:147,1
DA:151,1
DA:158,0
DA:191,0
DA:213,0
DA:225,0
DA:234,0
DA:238,0
DA:242,0
DA:243,0
DA:251,0
DA:252,0
DA:262,0
DA:271,0
DA:283,0
DA:292,0
DA:305,0
DA:306,0
DA:307,0
DA:326,0
DA:327,0
DA:328,0
DA:330,0
DA:343,0
DA:350,0
DA:362,0
DA:377,0
DA:380,0
DA:396,0
DA:417,0
DA:420,0
DA:433,0
DA:437,1
DA:445,0
DA:463,0
DA:472,0
DA:476,0
DA:517,0
DA:548,0
DA:554,0
DA:573,0
DA:585,0
DA:614,0
DA:618,0
DA:627,0
DA:629,0
DA:633,0
DA:643,0
DA:644,0
DA:646,0
DA:647,0
DA:650,0
DA:661,1
DA:663,0
DA:664,0
DA:666,1
DA:669,0
DA:672,1
DA:680,0
LF:72
LH:11
BRDA:62,0,0,0
BRDA:62,0,1,1
BRDA:68,1,0,0
BRDA:68,1,1,0
BRDA:68,1,2,0
BRDA:69,2,0,0
BRDA:69,2,1,0
BRDA:89,3,0,0
BRDA:89,3,1,0
BRDA:92,4,0,0
BRDA:92,4,1,0
BRDA:99,5,0,1
BRDA:99,5,1,0
BRDA:103,6,0,1
BRDA:103,6,1,0
BRDA:104,7,0,0
BRDA:104,7,1,0
BRDA:106,8,0,0
BRDA:106,8,1,0
BRDA:106,8,2,0
BRDA:120,9,0,0
BRDA:120,9,1,0
BRDA:122,10,0,0
BRDA:122,10,1,0
BRDA:125,11,0,0
BRDA:125,11,1,0
BRDA:151,12,0,1
BRDA:151,12,1,0
BRDA:163,13,0,0
BRDA:163,13,1,0
BRDA:164,14,0,0
BRDA:164,14,1,0
BRDA:164,15,0,0
BRDA:164,15,1,0
BRDA:171,16,0,0
BRDA:171,16,1,0
BRDA:172,17,0,0
BRDA:172,17,1,0
BRDA:172,18,0,0
BRDA:172,18,1,0
BRDA:179,19,0,0
BRDA:179,19,1,0
BRDA:193,20,0,0
BRDA:193,20,1,0
BRDA:193,21,0,0
BRDA:193,21,1,0
BRDA:196,22,0,0
BRDA:196,22,1,0
BRDA:200,23,0,0
BRDA:200,23,1,0
BRDA:203,24,0,0
BRDA:203,24,1,0
BRDA:214,25,0,0
BRDA:214,25,1,0
BRDA:234,26,0,0
BRDA:234,26,1,0
BRDA:235,27,0,0
BRDA:235,27,1,0
BRDA:242,28,0,0
BRDA:242,28,1,0
BRDA:243,29,0,0
BRDA:243,29,1,0
BRDA:253,30,0,0
BRDA:253,30,1,0
BRDA:265,31,0,0
BRDA:265,31,1,0
BRDA:267,32,0,0
BRDA:267,32,1,0
BRDA:267,32,2,0
BRDA:276,33,0,0
BRDA:276,33,1,0
BRDA:277,34,0,0
BRDA:277,34,1,0
BRDA:278,35,0,0
BRDA:278,35,1,0
BRDA:287,36,0,0
BRDA:287,36,1,0
BRDA:295,37,0,0
BRDA:295,37,1,0
BRDA:295,38,0,0
BRDA:295,38,1,0
BRDA:297,39,0,0
BRDA:297,39,1,0
BRDA:299,40,0,0
BRDA:299,40,1,0
BRDA:363,41,0,0
BRDA:363,41,1,0
BRDA:365,42,0,0
BRDA:365,42,1,0
BRDA:367,43,0,0
BRDA:367,43,1,0
BRDA:369,44,0,0
BRDA:369,44,1,0
BRDA:371,45,0,0
BRDA:371,45,1,0
BRDA:372,46,0,0
BRDA:372,46,1,0
BRDA:377,47,0,0
BRDA:377,47,1,0
BRDA:386,48,0,0
BRDA:386,48,1,0
BRDA:386,48,2,0
BRDA:389,49,0,0
BRDA:389,49,1,0
BRDA:391,50,0,0
BRDA:391,50,1,0
BRDA:403,51,0,0
BRDA:403,51,1,0
BRDA:403,52,0,0
BRDA:403,52,1,0
BRDA:405,53,0,0
BRDA:405,53,1,0
BRDA:405,54,0,0
BRDA:405,54,1,0
BRDA:417,55,0,0
BRDA:417,55,1,0
BRDA:417,56,0,0
BRDA:417,56,1,0
BRDA:424,57,0,0
BRDA:424,57,1,0
BRDA:433,58,0,0
BRDA:433,58,1,0
BRDA:438,59,0,1
BRDA:438,59,1,1
BRDA:439,60,0,1
BRDA:439,60,1,1
BRDA:453,61,0,0
BRDA:453,61,1,0
BRDA:472,62,0,0
BRDA:472,62,1,0
BRDA:473,63,0,0
BRDA:473,63,1,0
BRDA:487,64,0,0
BRDA:487,64,1,0
BRDA:489,65,0,0
BRDA:489,65,1,0
BRDA:490,66,0,0
BRDA:490,66,1,0
BRDA:500,67,0,0
BRDA:500,67,1,0
BRDA:500,67,2,0
BRDA:510,68,0,0
BRDA:510,68,1,0
BRDA:514,69,0,0
BRDA:514,69,1,0
BRDA:519,70,0,0
BRDA:519,70,1,0
BRDA:521,71,0,0
BRDA:521,71,1,0
BRDA:539,72,0,0
BRDA:539,72,1,0
BRDA:548,73,0,0
BRDA:548,73,1,0
BRDA:550,74,0,0
BRDA:550,74,1,0
BRDA:586,75,0,0
BRDA:586,75,1,0
BRDA:587,76,0,0
BRDA:587,76,1,0
BRDA:591,77,0,0
BRDA:591,77,1,0
BRDA:593,78,0,0
BRDA:593,78,1,0
BRDA:595,79,0,0
BRDA:595,79,1,0
BRDA:599,80,0,0
BRDA:599,80,1,0
BRDA:601,81,0,0
BRDA:601,81,1,0
BRDA:604,82,0,0
BRDA:604,82,1,0
BRDA:607,83,0,0
BRDA:607,83,1,0
BRDA:607,84,0,0
BRDA:607,84,1,0
BRDA:612,85,0,0
BRDA:612,85,1,0
BRDA:616,86,0,0
BRDA:616,86,1,0
BRDA:618,87,0,0
BRDA:618,87,1,0
BRDA:631,88,0,0
BRDA:631,88,1,0
BRDA:635,89,0,0
BRDA:635,89,1,0
BRDA:643,90,0,0
BRDA:643,90,1,0
BRDA:647,91,0,0
BRDA:647,91,1,0
BRDA:647,91,2,0
BRDA:651,92,0,0
BRDA:651,92,1,0
BRDA:652,93,0,0
BRDA:652,93,1,0
BRDA:653,94,0,0
BRDA:653,94,1,0
BRDA:655,95,0,0
BRDA:655,95,1,0
BRDA:661,96,0,1
BRDA:661,96,1,0
BRDA:664,97,0,0
BRDA:664,97,1,0
BRF:202
BRH:9
end_of_record
